<?xml version="1.0" encoding="UTF-8"?>
<TestRun id="bbf411d8-43c3-4476-99a8-f36e30ae71d4" name="Profesor@CINST-102SO 2015-06-07 13:46:24" runUser="CINST-102SO\Profesor" xmlns="http://microsoft.com/schemas/VisualStudio/TeamTest/2010">
  <TestSettings name="Local" id="928497ff-9f03-4aac-a7dc-6167769069a8">
    <Description>Esta es la configuración de pruebas predeterminada para una serie de pruebas local.</Description>
    <Execution>
      <TestTypeSpecific />
      <AgentRule name="Execution Agents">
      </AgentRule>
    </Execution>
    <Deployment runDeploymentRoot="Profesor_CINST-102SO 2015-06-07 13_46_24" />
    <Properties />
  </TestSettings>
  <Times creation="2015-06-07T13:46:24.5311378-05:00" queuing="2015-06-07T13:46:24.7807382-05:00" start="2015-06-07T13:46:24.8743384-05:00" finish="2015-06-07T13:46:40.0027743-05:00" />
  <ResultSummary outcome="Completed">
    <Counters total="1" executed="1" passed="1" error="0" failed="0" timeout="0" aborted="0" inconclusive="0" passedButRunAborted="0" notRunnable="0" notExecuted="0" disconnected="0" warning="0" completed="0" inProgress="0" pending="0" />
  </ResultSummary>
  <TestDefinitions>
    <WebTest name="WebTest2" storage="c:\net\sesion10\webandloadtestproject1\webandloadtestproject1\webtest2.webtest" id="62ceefc6-0eca-475b-aa0e-4af6eb120e62" persistedWebTest="77u/PD94bWwgdmVyc2lvbj0iMS4wIiBlbmNvZGluZz0iVVRGLTgiIHN0YW5kYWxvbmU9InllcyI/Pg0KPFdlYlRlc3QgTmFtZT0iV2ViVGVzdDIiIElkPSI2MmNlZWZjNi0wZWNhLTQ3NWItYWEwZS00YWY2ZWIxMjBlNjIiIE93bmVyPSIiIFByaW9yaXR5PSIyMTQ3NDgzNjQ3IiBFbmFibGVkPSJUcnVlIiBDc3NQcm9qZWN0U3RydWN0dXJlPSIiIENzc0l0ZXJhdGlvbj0iIiBUaW1lb3V0PSIwIiBXb3JrSXRlbUlkcz0iIiB4bWxucz0iaHR0cDovL21pY3Jvc29mdC5jb20vc2NoZW1hcy9WaXN1YWxTdHVkaW8vVGVhbVRlc3QvMjAxMCIgRGVzY3JpcHRpb249IiIgQ3JlZGVudGlhbFVzZXJOYW1lPSIiIENyZWRlbnRpYWxQYXNzd29yZD0iIiBQcmVBdXRoZW50aWNhdGU9IlRydWUiIFByb3h5PSJkZWZhdWx0IiBTdG9wT25FcnJvcj0iRmFsc2UiIFJlY29yZGVkUmVzdWx0RmlsZT0iV2ViVGVzdDIuYjVhYWZlNDMtYmUzNS00YWI4LWI2Y2MtZTBiNDM5Yzk1NWI4LnJlYy53ZWJ0ZXN0cmVzdWx0IiBSZXN1bHRzTG9jYWxlPSIiPg0KICA8SXRlbXM+DQogICAgPFJlcXVlc3QgTWV0aG9kPSJHRVQiIEd1aWQ9IjgyYmJjOWY2LWRjMjMtNGExOC1hZjdjLTNiY2ZlZDhlY2Q1OCIgVmVyc2lvbj0iMS4xIiBVcmw9Imh0dHA6Ly9pc2lsLnBlLyIgVGhpbmtUaW1lPSIwIiBUaW1lb3V0PSIzMDAiIFBhcnNlRGVwZW5kZW50UmVxdWVzdHM9IlRydWUiIEZvbGxvd1JlZGlyZWN0cz0iVHJ1ZSIgUmVjb3JkUmVzdWx0PSJUcnVlIiBDYWNoZT0iRmFsc2UiIFJlc3BvbnNlVGltZUdvYWw9IjAiIEVuY29kaW5nPSJ1dGYtOCIgRXhwZWN0ZWRIdHRwU3RhdHVzQ29kZT0iMCIgRXhwZWN0ZWRSZXNwb25zZVVybD0iIiBSZXBvcnRpbmdOYW1lPSIiIElnbm9yZUh0dHBTdGF0dXNDb2RlPSJGYWxzZSI+DQogICAgICA8RGVwZW5kZW50UmVxdWVzdHM+DQogICAgICAgIDxSZXF1ZXN0IE1ldGhvZD0iR0VUIiBHdWlkPSIzZmM2Zjc1OS1kOGNmLTQ3NjQtYTFjYy0wOTg1NDQ4NDNmNWMiIFZlcnNpb249IjEuMSIgVXJsPSJodHRwOi8vaXNpbC5wZS9teXJpYWRzZW1pYm9sZC5lb3QiIFRoaW5rVGltZT0iMCIgVGltZW91dD0iMzAwIiBQYXJzZURlcGVuZGVudFJlcXVlc3RzPSJUcnVlIiBGb2xsb3dSZWRpcmVjdHM9IlRydWUiIFJlY29yZFJlc3VsdD0iVHJ1ZSIgQ2FjaGU9IkZhbHNlIiBSZXNwb25zZVRpbWVHb2FsPSIwIiBFbmNvZGluZz0idXRmLTgiIEV4cGVjdGVkSHR0cFN0YXR1c0NvZGU9IjAiIEV4cGVjdGVkUmVzcG9uc2VVcmw9IiIgUmVwb3J0aW5nTmFtZT0iIiBJZ25vcmVIdHRwU3RhdHVzQ29kZT0iRmFsc2UiPg0KICAgICAgICAgIDxIZWFkZXJzPg0KICAgICAgICAgICAgPEhlYWRlciBOYW1lPSJSZWZlcmVyIiBWYWx1ZT0iaHR0cDovL2lzaWwucGUvIiAvPg0KICAgICAgICAgIDwvSGVhZGVycz4NCiAgICAgICAgPC9SZXF1ZXN0Pg0KICAgICAgICA8UmVxdWVzdCBNZXRob2Q9IkdFVCIgR3VpZD0iMjkyY2ZhZGUtY2VlMS00YWE3LThmYzMtNGMzZjUyZWNjNDMyIiBWZXJzaW9uPSIxLjEiIFVybD0iaHR0cDovL2lzaWwucGUvbXlyaWFkcHJvLXJlZ3VsYXIuZW90IiBUaGlua1RpbWU9IjAiIFRpbWVvdXQ9IjMwMCIgUGFyc2VEZXBlbmRlbnRSZXF1ZXN0cz0iVHJ1ZSIgRm9sbG93UmVkaXJlY3RzPSJUcnVlIiBSZWNvcmRSZXN1bHQ9IlRydWUiIENhY2hlPSJGYWxzZSIgUmVzcG9uc2VUaW1lR29hbD0iMCIgRW5jb2Rpbmc9InV0Zi04IiBFeHBlY3RlZEh0dHBTdGF0dXNDb2RlPSIwIiBFeHBlY3RlZFJlc3BvbnNlVXJsPSIiIFJlcG9ydGluZ05hbWU9IiIgSWdub3JlSHR0cFN0YXR1c0NvZGU9IkZhbHNlIj4NCiAgICAgICAgICA8SGVhZGVycz4NCiAgICAgICAgICAgIDxIZWFkZXIgTmFtZT0iUmVmZXJlciIgVmFsdWU9Imh0dHA6Ly9pc2lsLnBlLyIgLz4NCiAgICAgICAgICA8L0hlYWRlcnM+DQogICAgICAgIDwvUmVxdWVzdD4NCiAgICAgICAgPFJlcXVlc3QgTWV0aG9kPSJQT1NUIiBHdWlkPSJjNzVkM2UzMi1jYjFiLTRlOTQtOGNhOS0xYjFlOTQzZjAxMDkiIFZlcnNpb249IjEuMSIgVXJsPSJodHRwczovL3Vycy5taWNyb3NvZnQuY29tL3Vycy5hc214IiBUaGlua1RpbWU9IjAiIFRpbWVvdXQ9IjMwMCIgUGFyc2VEZXBlbmRlbnRSZXF1ZXN0cz0iVHJ1ZSIgRm9sbG93UmVkaXJlY3RzPSJUcnVlIiBSZWNvcmRSZXN1bHQ9IlRydWUiIENhY2hlPSJGYWxzZSIgUmVzcG9uc2VUaW1lR29hbD0iMCIgRW5jb2Rpbmc9InV0Zi04IiBFeHBlY3RlZEh0dHBTdGF0dXNDb2RlPSIwIiBFeHBlY3RlZFJlc3BvbnNlVXJsPSIiIFJlcG9ydGluZ05hbWU9IiIgSWdub3JlSHR0cFN0YXR1c0NvZGU9IkZhbHNlIj4NCiAgICAgICAgICA8SGVhZGVycz4NCiAgICAgICAgICAgIDxIZWFkZXIgTmFtZT0iU09BUEFjdGlvbiIgVmFsdWU9IiZxdW90O2h0dHA6Ly9NaWNyb3NvZnQuU1RTLlNUU1dlYi9SZXBMb29rdXAmcXVvdDsiIC8+DQogICAgICAgICAgPC9IZWFkZXJzPg0KICAgICAgICAgIDxRdWVyeVN0cmluZ1BhcmFtZXRlcnM+DQogICAgICAgICAgICA8UXVlcnlTdHJpbmdQYXJhbWV0ZXIgTmFtZT0iTVNVUlMtQ2xpZW50LUtleSIgVmFsdWU9IjNwbFdyMzAlMmIvcDBMbnc2N1VLWHU4USUzZCUzZCIgUmVjb3JkZWRWYWx1ZT0iM3BsV3IzMCUyYi9wMExudzY3VUtYdThRJTNkJTNkIiBDb3JyZWxhdGlvbkJpbmRpbmc9IiIgVXJsRW5jb2RlPSJGYWxzZSIgVXNlVG9Hcm91cFJlc3VsdHM9IkZhbHNlIiAvPg0KICAgICAgICAgICAgPFF1ZXJ5U3RyaW5nUGFyYW1ldGVyIE5hbWU9Ik1TVVJTLVBhdGVudGVkLUxvY2siIFZhbHVlPSI4dVdyTWY5eWdRTSUzZCIgUmVjb3JkZWRWYWx1ZT0iOHVXck1mOXlnUU0lM2QiIENvcnJlbGF0aW9uQmluZGluZz0iIiBVcmxFbmNvZGU9IkZhbHNlIiBVc2VUb0dyb3VwUmVzdWx0cz0iRmFsc2UiIC8+DQogICAgICAgICAgPC9RdWVyeVN0cmluZ1BhcmFtZXRlcnM+DQogICAgICAgICAgPFN0cmluZ0h0dHBCb2R5IENvbnRlbnRUeXBlPSJ0ZXh0L3htbDsgY2hhcnNldD11dGYtOCIgSW5zZXJ0Qnl0ZU9yZGVyTWFyaz0iRmFsc2UiPlBBQnpBRzhBWVFCd0FEb0FSUUJ1QUhZQVpRQnNBRzhBY0FCbEFDQUFlQUJ0QUd3QWJnQnpBRG9BY3dCdkFHRUFjQUE5QUNJQWFBQjBBSFFBY0FBNkFDOEFMd0J6QUdNQWFBQmxBRzBBWVFCekFDNEFlQUJ0QUd3QWN3QnZBR0VBY0FBdUFHOEFjZ0JuQUM4QWN3QnZBR0VBY0FBdkFHVUFiZ0IyQUdVQWJBQnZBSEFBWlFBdkFDSUFJQUI0QUcwQWJBQnVBSE1BT2dCNEFITUFhUUE5QUNJQWFBQjBBSFFBY0FBNkFDOEFMd0IzQUhjQWR3QXVBSGNBTXdBdUFHOEFjZ0JuQUM4QU1nQXdBREFBTVFBdkFGZ0FUUUJNQUZNQVl3Qm9BR1VBYlFCaEFDMEFhUUJ1QUhNQWRBQmhBRzRBWXdCbEFDSUFJQUI0QUcwQWJBQnVBSE1BT2dCNEFITUFaQUE5QUNJQWFBQjBBSFFBY0FBNkFDOEFMd0IzQUhjQWR3QXVBSGNBTXdBdUFHOEFjZ0JuQUM4QU1nQXdBREFBTVFBdkFGZ0FUUUJNQUZNQVl3Qm9BR1VBYlFCaEFDSUFJQUI0QUcwQWJBQnVBSE1BT2dCekFHOEFZUUJ3QUdVQWJnQmpBRDBBSWdCb0FIUUFkQUJ3QURvQUx3QXZBSE1BWXdCb0FHVUFiUUJoQUhNQUxnQjRBRzBBYkFCekFHOEFZUUJ3QUM0QWJ3QnlBR2NBTHdCekFHOEFZUUJ3QUM4QVpRQnVBR01BYndCa0FHa0FiZ0JuQUM4QUlnQStBRHdBY3dCdkFHRUFjQUE2QUVJQWJ3QmtBSGtBUGdBOEFGSUFaUUJ3QUV3QWJ3QnZBR3NBZFFCd0FDQUFlQUJ0QUd3QWJnQnpBRDBBSWdCb0FIUUFkQUJ3QURvQUx3QXZBRTBBYVFCakFISUFid0J6QUc4QVpnQjBBQzRBVXdCVUFGTUFMZ0JUQUZRQVV3QlhBR1VBWWdBdkFDSUFQZ0E4QUVjQVBnQjdBRElBUXdCRkFFUUFRZ0JHQUVJQVF3QXRBRVFBUWdCQkFEZ0FMUUEwQURNQVFRQkJBQzBBUWdBeEFFWUFSQUF0QUVNQVF3QTRBRVVBTmdBekFERUFOZ0JGQURNQVJRQXlBSDBBUEFBdkFFY0FQZ0E4QUU4QVBnQXdBREFBTUFBd0FEQUFNQUF3QURBQUxRQXdBREFBTUFBd0FDMEFNQUF3QURBQU1BQXRBREFBTUFBd0FEQUFMUUF3QURBQU1BQXdBREFBTUFBd0FEQUFNQUF3QURBQU1BQThBQzhBVHdBK0FEd0FVQUErQUhzQVJBQkdBRGtBTUFBMkFESUFSQUExQUMwQU5RQTJBREFBTlFBdEFEUUFPQUJGQUVRQUxRQTVBRVlBTndBNUFDMEFRd0JDQURrQU53QXpBRU1BTkFBMEFEa0FOUUF4QURJQWZRQThBQzhBVUFBK0FEd0FSQUErQURnQUxnQXdBQzRBTmdBd0FEQUFNUUF1QURrQVBBQXZBRVFBUGdBOEFFTUFQZ0E0QUM0QU1BQXdBQzRBTmdBd0FEQUFNUUF1QURFQU9BQTJBRFlBT1FBOEFDOEFRd0ErQUR3QVV3QStBRFlBTGdBeEFDNEFOd0EyQURBQU1RQXVBREVBTGdBd0FEd0FMd0JUQUQ0QVBBQkpBRDRBT0FBdUFEQUFMZ0EzQURZQU1BQXhBQzRBTVFBM0FEVUFNUUEwQUR3QUx3QkpBRDRBUEFCTUFENEFaUUJ6QUMwQVJRQlRBRHdBTHdCTUFENEFQQUJTQUNBQWVBQnRBR3dBYmdCekFEb0FjUUF4QUQwQUlnQm9BSFFBZEFCd0FEb0FMd0F2QUUwQWFRQmpBSElBYndCekFHOEFaZ0IwQUM0QVV3QlVBRk1BTGdCVEFGUUFVd0JYQUdVQVlnQXZBQ0lBSUFCekFHOEFZUUJ3QUdVQWJnQmpBRG9BWVFCeUFISUFZUUI1QUZRQWVRQndBR1VBUFFBaUFIRUFNUUE2QUZJQWNRQmJBREVBWFFBaUFENEFQQUJTQUhFQVBnQThBRlFBUGdCVkFGSUFUQUE4QUM4QVZBQStBRHdBVWdBK0FHZ0FkQUIwQUhBQU9nQXZBQzhBYVFCekFHa0FiQUF1QUhBQVpRQThBQzhBVWdBK0FEd0FUd0ErQUZBQVVnQkZBRHdBTHdCUEFENEFQQUJYQUQ0QVJnQlNBRUVBVFFCRkFEd0FMd0JYQUQ0QVBBQXZBRklBY1FBK0FEd0FMd0JTQUQ0QVBBQXZBRklBWlFCd0FFd0Fid0J2QUdzQWRRQndBRDRBUEFBdkFITUFid0JoQUhBQU9nQkNBRzhBWkFCNUFENEFQQUF2QUhNQWJ3QmhBSEFBT2dCRkFHNEFkZ0JsQUd3QWJ3QndBR1VBUGdBPTwvU3RyaW5nSHR0cEJvZHk+DQogICAgICAgIDwvUmVxdWVzdD4NCiAgICAgICAgPFJlcXVlc3QgTWV0aG9kPSJHRVQiIEd1aWQ9IjAzMTQ5ODk4LTk2NGQtNGQyNS1iZWFhLTNiMjFmMGE3ZjlmNCIgVmVyc2lvbj0iMS4xIiBVcmw9Imh0dHA6Ly9icy5zZXJ2aW5nLXN5cy5jb20vQnVyc3RpbmdQaXBlL0FjdGl2aXR5U2VydmVyLmJzIiBUaGlua1RpbWU9IjAiIFRpbWVvdXQ9IjMwMCIgUGFyc2VEZXBlbmRlbnRSZXF1ZXN0cz0iVHJ1ZSIgRm9sbG93UmVkaXJlY3RzPSJUcnVlIiBSZWNvcmRSZXN1bHQ9IlRydWUiIENhY2hlPSJGYWxzZSIgUmVzcG9uc2VUaW1lR29hbD0iMCIgRW5jb2Rpbmc9InV0Zi04IiBFeHBlY3RlZEh0dHBTdGF0dXNDb2RlPSIwIiBFeHBlY3RlZFJlc3BvbnNlVXJsPSIiIFJlcG9ydGluZ05hbWU9IiIgSWdub3JlSHR0cFN0YXR1c0NvZGU9IkZhbHNlIj4NCiAgICAgICAgICA8SGVhZGVycz4NCiAgICAgICAgICAgIDxIZWFkZXIgTmFtZT0iUmVmZXJlciIgVmFsdWU9Imh0dHA6Ly9pc2lsLnBlLyIgLz4NCiAgICAgICAgICA8L0hlYWRlcnM+DQogICAgICAgICAgPFF1ZXJ5U3RyaW5nUGFyYW1ldGVycz4NCiAgICAgICAgICAgIDxRdWVyeVN0cmluZ1BhcmFtZXRlciBOYW1lPSJjbiIgVmFsdWU9ImFzIiBSZWNvcmRlZFZhbHVlPSJhcyIgQ29ycmVsYXRpb25CaW5kaW5nPSJ7e1F1ZXJ5U3RyaW5nUGFyYW0zLmNufX0iIFVybEVuY29kZT0iRmFsc2UiIFVzZVRvR3JvdXBSZXN1bHRzPSJGYWxzZSIgLz4NCiAgICAgICAgICAgIDxRdWVyeVN0cmluZ1BhcmFtZXRlciBOYW1lPSJBY3Rpdml0eUlEIiBWYWx1ZT0iMTI1MjM2IiBSZWNvcmRlZFZhbHVlPSIxMjUyMzYiIENvcnJlbGF0aW9uQmluZGluZz0ie3tRdWVyeVN0cmluZ1BhcmFtNC5BY3Rpdml0eUlEfX0iIFVybEVuY29kZT0iRmFsc2UiIFVzZVRvR3JvdXBSZXN1bHRzPSJGYWxzZSIgLz4NCiAgICAgICAgICAgIDxRdWVyeVN0cmluZ1BhcmFtZXRlciBOYW1lPSJybmQiIFZhbHVlPSIxMjY0ODIuMTMwNDEwNjY2MDIiIFJlY29yZGVkVmFsdWU9IjEyNjQ4Mi4xMzA0MTA2NjYwMiIgQ29ycmVsYXRpb25CaW5kaW5nPSIiIFVybEVuY29kZT0iRmFsc2UiIFVzZVRvR3JvdXBSZXN1bHRzPSJGYWxzZSIgLz4NCiAgICAgICAgICA8L1F1ZXJ5U3RyaW5nUGFyYW1ldGVycz4NCiAgICAgICAgPC9SZXF1ZXN0Pg0KICAgICAgPC9EZXBlbmRlbnRSZXF1ZXN0cz4NCiAgICAgIDxDb3JyZWxhdGlvbkV4dHJhY3Rpb25SdWxlcz4NCiAgICAgICAgPEV4dHJhY3Rpb25SdWxlIENsYXNzbmFtZT0iTWljcm9zb2Z0LlZpc3VhbFN0dWRpby5UZXN0VG9vbHMuV2ViVGVzdGluZy5SdWxlcy5FeHRyYWN0VGV4dCwgTWljcm9zb2Z0LlZpc3VhbFN0dWRpby5RdWFsaXR5VG9vbHMuV2ViVGVzdEZyYW1ld29yaywgVmVyc2lvbj0xMC4wLjAuMCwgQ3VsdHVyZT1uZXV0cmFsLCBQdWJsaWNLZXlUb2tlbj1iMDNmNWY3ZjExZDUwYTNhIiBWYXJpYWJsZU5hbWU9IlF1ZXJ5U3RyaW5nUGFyYW0zLmNuIiBEaXNwbGF5TmFtZT0iIiBEZXNjcmlwdGlvbj0iIj4NCiAgICAgICAgICA8UnVsZVBhcmFtZXRlcnM+DQogICAgICAgICAgICA8UnVsZVBhcmFtZXRlciBOYW1lPSJTdGFydHNXaXRoIiBWYWx1ZT0iP2NuPSIgLz4NCiAgICAgICAgICAgIDxSdWxlUGFyYW1ldGVyIE5hbWU9IkVuZHNXaXRoIiBWYWx1ZT0iJmFtcDsiIC8+DQogICAgICAgICAgICA8UnVsZVBhcmFtZXRlciBOYW1lPSJJbmRleCIgVmFsdWU9IjAiIC8+DQogICAgICAgICAgICA8UnVsZVBhcmFtZXRlciBOYW1lPSJJZ25vcmVDYXNlIiBWYWx1ZT0iRmFsc2UiIC8+DQogICAgICAgICAgICA8UnVsZVBhcmFtZXRlciBOYW1lPSJVc2VSZWd1bGFyRXhwcmVzc2lvbiIgVmFsdWU9IkZhbHNlIiAvPg0KICAgICAgICAgICAgPFJ1bGVQYXJhbWV0ZXIgTmFtZT0iSHRtbERlY29kZSIgVmFsdWU9IlRydWUiIC8+DQogICAgICAgICAgICA8UnVsZVBhcmFtZXRlciBOYW1lPSJSZXF1aXJlZCIgVmFsdWU9IkZhbHNlIiAvPg0KICAgICAgICAgIDwvUnVsZVBhcmFtZXRlcnM+DQogICAgICAgIDwvRXh0cmFjdGlvblJ1bGU+DQogICAgICAgIDxFeHRyYWN0aW9uUnVsZSBDbGFzc25hbWU9Ik1pY3Jvc29mdC5WaXN1YWxTdHVkaW8uVGVzdFRvb2xzLldlYlRlc3RpbmcuUnVsZXMuRXh0cmFjdFRleHQsIE1pY3Jvc29mdC5WaXN1YWxTdHVkaW8uUXVhbGl0eVRvb2xzLldlYlRlc3RGcmFtZXdvcmssIFZlcnNpb249MTAuMC4wLjAsIEN1bHR1cmU9bmV1dHJhbCwgUHVibGljS2V5VG9rZW49YjAzZjVmN2YxMWQ1MGEzYSIgVmFyaWFibGVOYW1lPSJRdWVyeVN0cmluZ1BhcmFtNC5BY3Rpdml0eUlEIiBEaXNwbGF5TmFtZT0iIiBEZXNjcmlwdGlvbj0iIj4NCiAgICAgICAgICA8UnVsZVBhcmFtZXRlcnM+DQogICAgICAgICAgICA8UnVsZVBhcmFtZXRlciBOYW1lPSJTdGFydHNXaXRoIiBWYWx1ZT0iJmFtcDthbXA7QWN0aXZpdHlJRD0iIC8+DQogICAgICAgICAgICA8UnVsZVBhcmFtZXRlciBOYW1lPSJFbmRzV2l0aCIgVmFsdWU9IiZhbXA7IiAvPg0KICAgICAgICAgICAgPFJ1bGVQYXJhbWV0ZXIgTmFtZT0iSW5kZXgiIFZhbHVlPSIwIiAvPg0KICAgICAgICAgICAgPFJ1bGVQYXJhbWV0ZXIgTmFtZT0iSWdub3JlQ2FzZSIgVmFsdWU9IkZhbHNlIiAvPg0KICAgICAgICAgICAgPFJ1bGVQYXJhbWV0ZXIgTmFtZT0iVXNlUmVndWxhckV4cHJlc3Npb24iIFZhbHVlPSJGYWxzZSIgLz4NCiAgICAgICAgICAgIDxSdWxlUGFyYW1ldGVyIE5hbWU9Ikh0bWxEZWNvZGUiIFZhbHVlPSJUcnVlIiAvPg0KICAgICAgICAgICAgPFJ1bGVQYXJhbWV0ZXIgTmFtZT0iUmVxdWlyZWQiIFZhbHVlPSJGYWxzZSIgLz4NCiAgICAgICAgICA8L1J1bGVQYXJhbWV0ZXJzPg0KICAgICAgICA8L0V4dHJhY3Rpb25SdWxlPg0KICAgICAgPC9Db3JyZWxhdGlvbkV4dHJhY3Rpb25SdWxlcz4NCiAgICA8L1JlcXVlc3Q+DQogIDwvSXRlbXM+DQogIDxWYWxpZGF0aW9uUnVsZXM+DQogICAgPFZhbGlkYXRpb25SdWxlIENsYXNzbmFtZT0iTWljcm9zb2Z0LlZpc3VhbFN0dWRpby5UZXN0VG9vbHMuV2ViVGVzdGluZy5SdWxlcy5WYWxpZGF0ZVJlc3BvbnNlVXJsLCBNaWNyb3NvZnQuVmlzdWFsU3R1ZGlvLlF1YWxpdHlUb29scy5XZWJUZXN0RnJhbWV3b3JrLCBWZXJzaW9uPTEwLjAuMC4wLCBDdWx0dXJlPW5ldXRyYWwsIFB1YmxpY0tleVRva2VuPWIwM2Y1ZjdmMTFkNTBhM2EiIERpc3BsYXlOYW1lPSJEaXJlY2Npw7NuIFVSTCBkZSByZXNwdWVzdGEiIERlc2NyaXB0aW9uPSJDb21wcnVlYmEgcXVlIGxhIGRpcmVjY2nDs24gVVJMIGRlIHJlc3B1ZXN0YSB0cmFzIGVsIHNlZ3VpbWllbnRvIGRlIGxhcyByZWRpcmVjY2lvbmVzIGVzIGxhIG1pc21hIHF1ZSBsYSBkaXJlY2Npw7NuIFVSTCBkZSByZXNwdWVzdGEgcmVnaXN0cmFkYS4gU2Ugb21pdGVuIGxvcyBwYXLDoW1ldHJvcyBkZSBRdWVyeVN0cmluZy4iIExldmVsPSJMb3ciIEV4ZWN0dWlvbk9yZGVyPSJCZWZvcmVEZXBlbmRlbnRzIiAvPg0KICAgIDxWYWxpZGF0aW9uUnVsZSBDbGFzc25hbWU9Ik1pY3Jvc29mdC5WaXN1YWxTdHVkaW8uVGVzdFRvb2xzLldlYlRlc3RpbmcuUnVsZXMuVmFsaWRhdGlvblJ1bGVSZXNwb25zZVRpbWVHb2FsLCBNaWNyb3NvZnQuVmlzdWFsU3R1ZGlvLlF1YWxpdHlUb29scy5XZWJUZXN0RnJhbWV3b3JrLCBWZXJzaW9uPTEwLjAuMC4wLCBDdWx0dXJlPW5ldXRyYWwsIFB1YmxpY0tleVRva2VuPWIwM2Y1ZjdmMTFkNTBhM2EiIERpc3BsYXlOYW1lPSJPYmpldGl2byBkZSB0aWVtcG8gZGUgcmVzcHVlc3RhIiBEZXNjcmlwdGlvbj0iVmFsaWRhIHF1ZSBlbCB0aWVtcG8gZGUgcmVzcHVlc3RhIGRlIGxhIHNvbGljaXR1ZCBzZWEgbWVub3IgbyBpZ3VhbCBxdWUgZWwgb2JqZXRpdm8gZGUgdGllbXBvIGRlIHJlc3B1ZXN0YSBlc3BlY2lmaWNhZG8gZW4gbGEgc29saWNpdHVkLiBTZSBwYXNhcsOhbiBwb3IgYWx0byBsb3Mgb2JqZXRpdm9zIGRlIHRpZW1wbyBkZSByZXNwdWVzdGEgcXVlIHNlYW4gY2Vyby4iIExldmVsPSJMb3ciIEV4ZWN0dWlvbk9yZGVyPSJBZnRlckRlcGVuZGVudHMiPg0KICAgICAgPFJ1bGVQYXJhbWV0ZXJzPg0KICAgICAgICA8UnVsZVBhcmFtZXRlciBOYW1lPSJUb2xlcmFuY2UiIFZhbHVlPSIwIiAvPg0KICAgICAgPC9SdWxlUGFyYW1ldGVycz4NCiAgICA8L1ZhbGlkYXRpb25SdWxlPg0KICA8L1ZhbGlkYXRpb25SdWxlcz4NCjwvV2ViVGVzdD4=">
      <Execution id="275c305a-a9e9-419d-bb9c-515f041aead6" />
    </WebTest>
  </TestDefinitions>
  <TestLists>
    <TestList name="Resultados que no están en la lista" id="8c84fa94-04c1-424b-9868-57a2d4851a1d" />
    <TestList name="Todos los resultados cargados" id="19431567-8539-422a-85d7-44ee4e166bda" />
  </TestLists>
  <TestEntries>
    <TestEntry isTransparent="false" testId="62ceefc6-0eca-475b-aa0e-4af6eb120e62" executionId="275c305a-a9e9-419d-bb9c-515f041aead6" testListId="8c84fa94-04c1-424b-9868-57a2d4851a1d" />
  </TestEntries>
  <Results>
    <WebTestResult executionId="275c305a-a9e9-419d-bb9c-515f041aead6" testId="62ceefc6-0eca-475b-aa0e-4af6eb120e62" testName="WebTest2" computerName="CINST-102SO" duration="00:00:04.3495972" startTime="2015-06-07T13:46:24.9699386-05:00" endTime="2015-06-07T13:46:39.9715742-05:00" testType="4e7599fa-5ecb-43e9-a887-cd63cf72d207" outcome="Passed" testListId="8c84fa94-04c1-424b-9868-57a2d4851a1d" relativeResultsDirectory="275c305a-a9e9-419d-bb9c-515f041aead6">
      <ResultFiles>
        <ResultFile path="WebTest2.webtestResult" />
      </ResultFiles>
      <TestSettings name="Local" id="928497ff-9f03-4aac-a7dc-6167769069a8">
        <Description>Esta es la configuración de pruebas predeterminada para una serie de pruebas local.</Description>
        <Execution>
          <TestTypeSpecific>
            <WebTestRunConfiguration testTypeId="4e7599fa-5ecb-43e9-a887-cd63cf72d207">
              <Browser name="Internet Explorer 9.0" MaxConnections="6">
                <Headers>
                  <Header name="User-Agent" value="Mozilla/5.0 (compatible; MSIE 9.0; Windows NT 6.1; Trident/5.0)" />
                  <Header name="Accept" value="*/*" />
                  <Header name="Accept-Language" value="{{$IEAcceptLanguage}}" />
                  <Header name="Accept-Encoding" value="GZIP" />
                </Headers>
              </Browser>
            </WebTestRunConfiguration>
          </TestTypeSpecific>
          <AgentRule name="Execution Agents">
          </AgentRule>
        </Execution>
        <Deployment runDeploymentRoot="Profesor_CINST-102SO 2015-06-07 13_46_24" />
        <Properties />
      </TestSettings>
      <WebTestResultFilePath>Profesor_CINST-102SO 2015-06-07 13_46_24\In\275c305a-a9e9-419d-bb9c-515f041aead6\WebTest2.webtestResult</WebTestResultFilePath>
    </WebTestResult>
  </Results>
</TestRun>